[2025-03-01 17:37:41] Starting git sync script...
[2025-03-01 17:37:41] Monitoring repository for changes...
[2025-03-01 17:38:02] Changes detected, creating commit...
[2025-03-01 17:38:02] Changes committed successfully
[2025-03-01 17:38:50] Error: Failed to push changes to remote
[2025-03-01 17:39:04] Changes detected, creating commit...
[2025-03-01 17:39:04] Changes committed successfully
[2025-03-01 17:41:07] Error: Failed to push changes to remote
[2025-03-01 17:43:17] Changes detected, creating commit...
[2025-03-01 17:43:17] Changes committed successfully
[2025-03-01 17:43:52] Starting git sync script...
[2025-03-01 17:43:52] Monitoring repository for changes...
[2025-03-01 17:52:13] Starting git sync script...
[2025-03-01 17:52:13] Monitoring repository for changes...
[2025-03-01 17:52:35] Changes detected, creating commit...
[2025-03-01 17:52:35] Changes committed successfully
[2025-03-01 17:52:35] Changes pushed to remote successfully
[2025-03-01 17:55:05] Changes detected, creating commit...
[2025-03-01 17:55:05] Changes committed successfully
[2025-03-01 17:55:06] Changes pushed to remote successfully
[2025-03-01 17:56:06] Changes detected, creating commit...
[2025-03-01 17:56:06] Changes committed successfully
[2025-03-01 17:56:07] Changes pushed to remote successfully
[2025-03-01 17:57:59] Changes detected, creating commit...
[2025-03-01 17:57:59] Changes committed successfully
[2025-03-01 17:57:59] Changes pushed to remote successfully
[0;32m[2025-03-02 06:09:56] Changes in solid-car-customer committed successfully[0m
[0;32m[2025-03-02 06:09:57] Changes pushed to origin/main successfully[0m
[0;32m[2025-03-02 06:12:32] Changes in solid-car-customer committed successfully[0m
[0;32m[2025-03-02 06:12:32] Changes pushed to origin/main successfully[0m
[0;32m[2025-03-02 06:22:28] Changes in solid-car-customer committed successfully[0m
[0;31m[2025-03-02 06:23:02] Failed to push changes to remote[0m
[0;32m[2025-03-02 06:23:12] Changes in solid-car-customer committed successfully[0m
[0;31m[2025-03-02 06:23:36] Failed to push changes to remote[0m
