undefined [no-request-id] [no-user] error: MongoDB connection error: bad auth : authentication failed
undefined [no-request-id] [no-user] error: MongoDB connection error: bad auth : authentication failed
undefined [no-request-id] [no-user] error: MongoDB connection error: bad auth : authentication failed
undefined [no-request-id] [no-user] error: MongoDB connection error: bad auth : authentication failed
undefined [no-request-id] [no-user] error: MongoDB connection error: bad auth : authentication failed
undefined [no-request-id] [no-user] error: MongoDB connection error: bad auth : authentication failed
undefined [no-request-id] [no-user] error: MongoDB connection error: bad auth : authentication failed
undefined [no-request-id] [no-user] error: MongoDB connection error: bad auth : authentication failed
undefined [no-request-id] [no-user] error: MongoDB connection error: Topology is closed
undefined [no-request-id] [no-user] error: MongoDB connection error: Topology is closed
undefined [no-request-id] [no-user] info: System resources
undefined [no-request-id] [no-user] info: System resources
undefined [no-request-id] [no-user] info: System resources
undefined [no-request-id] [no-user] info: System resources
undefined [no-request-id] [no-user] info: System resources
undefined [no-request-id] [no-user] info: System resources
undefined [no-request-id] [no-user] info: System resources
undefined [no-request-id] [no-user] info: System resources
undefined [no-request-id] [no-user] info: System resources
undefined [no-request-id] [no-user] info: System resources
undefined [no-request-id] [no-user] info: System resources
undefined [no-request-id] [no-user] info: System resources
undefined [no-request-id] [no-user] error: MongoDB connection error: bad auth : authentication failed
undefined [no-request-id] [no-user] error: MongoDB connection error: bad auth : authentication failed
undefined [no-request-id] [no-user] error: MongoDB connection error: bad auth : authentication failed
undefined [no-request-id] [no-user] error: MongoDB connection error: bad auth : authentication failed
undefined [no-request-id] [no-user] info: System resources
undefined [no-request-id] [no-user] info: System resources
undefined [no-request-id] [no-user] info: System resources
undefined [no-request-id] [no-user] info: System resources
undefined [no-request-id] [no-user] error: MongoDB connection error: Topology is closed
undefined [no-request-id] [no-user] error: MongoDB connection error: Topology is closed
undefined [no-request-id] [no-user] error: MongoDB connection error: Topology is closed
undefined [no-request-id] [no-user] error: MongoDB connection error: Topology is closed
undefined [no-request-id] [no-user] info: System resources
undefined [no-request-id] [no-user] info: System resources
undefined [no-request-id] [no-user] info: System resources
undefined [no-request-id] [no-user] info: System resources
undefined [no-request-id] [no-user] info: System resources
undefined [no-request-id] [no-user] info: System resources
undefined [no-request-id] [no-user] info: System resources
undefined [no-request-id] [no-user] info: System resources
undefined [no-request-id] [no-user] info: System resources
undefined [no-request-id] [no-user] info: System resources
undefined [no-request-id] [no-user] info: System resources
undefined [no-request-id] [no-user] info: System resources
undefined [no-request-id] [no-user] info: System resources
undefined [no-request-id] [no-user] info: System resources
undefined [no-request-id] [no-user] info: System resources
undefined [no-request-id] [no-user] info: System resources
undefined [no-request-id] [no-user] info: System resources
undefined [no-request-id] [no-user] info: System resources
undefined [no-request-id] [no-user] info: System resources
undefined [no-request-id] [no-user] info: System resources
undefined [no-request-id] [no-user] error: MongoDB connection error: bad auth : authentication failed
undefined [req-1741016221188-br1vtql61] [no-user] info: Incoming POST request to /api/auth/register
undefined [req-1741016221188-br1vtql61] [no-user] info: Completed POST /register with status 201 [duration: 216ms]
undefined [no-request-id] [no-user] info: ::ffff:127.0.0.1 - - [03/Mar/2025:15:37:01 +0000] "POST /api/auth/register HTTP/1.1" 201 631 "-" "-"
undefined [req-1741016221448-61q0ufuf3] [no-user] info: Incoming POST request to /api/auth/register
undefined [req-1741016221448-61q0ufuf3] [no-user] info: Completed POST /register with status 201 [duration: 120ms]
undefined [no-request-id] [no-user] info: ::ffff:127.0.0.1 - - [03/Mar/2025:15:37:01 +0000] "POST /api/auth/register HTTP/1.1" 201 631 "-" "-"
undefined [req-1741016221579-fdffz9wyt] [no-user] info: Incoming POST request to /api/auth/register
undefined [no-request-id] [no-user] error: User already exists
undefined [req-1741016221579-fdffz9wyt] [no-user] info: Completed POST /api/auth/register with status 400 [duration: 26ms]
undefined [no-request-id] [no-user] info: ::ffff:127.0.0.1 - - [03/Mar/2025:15:37:01 +0000] "POST /api/auth/register HTTP/1.1" 400 485 "-" "-"
undefined [req-1741016221647-37newuzjz] [no-user] info: Incoming POST request to /api/auth/register
undefined [no-request-id] [no-user] error: Validation failed
undefined [req-1741016221647-37newuzjz] [no-user] info: Completed POST /api/auth/register with status 400 [duration: 22ms]
undefined [no-request-id] [no-user] info: ::ffff:127.0.0.1 - - [03/Mar/2025:15:37:01 +0000] "POST /api/auth/register HTTP/1.1" 400 3276 "-" "-"
undefined [req-1741016221684-iwlofjj8a] [no-user] info: Incoming POST request to /api/auth/register
undefined [no-request-id] [no-user] error: Validation failed
undefined [req-1741016221684-iwlofjj8a] [no-user] info: Completed POST /api/auth/register with status 400 [duration: 13ms]
undefined [no-request-id] [no-user] info: ::ffff:127.0.0.1 - - [03/Mar/2025:15:37:01 +0000] "POST /api/auth/register HTTP/1.1" 400 3298 "-" "-"
undefined [req-1741016221714-y93cg9n7w] [no-user] info: Incoming POST request to /api/auth/register
undefined [no-request-id] [no-user] error: Validation failed
undefined [req-1741016221714-y93cg9n7w] [no-user] info: Completed POST /api/auth/register with status 400 [duration: 19ms]
undefined [no-request-id] [no-user] info: ::ffff:127.0.0.1 - - [03/Mar/2025:15:37:01 +0000] "POST /api/auth/register HTTP/1.1" 400 3289 "-" "-"
undefined [req-1741016221790-4lx3710df] [no-user] info: Incoming POST request to /api/auth/register
undefined [req-1741016221790-4lx3710df] [no-user] info: Completed POST /register with status 201 [duration: 91ms]
undefined [no-request-id] [no-user] info: ::ffff:127.0.0.1 - - [03/Mar/2025:15:37:01 +0000] "POST /api/auth/register HTTP/1.1" 201 631 "-" "-"
undefined [req-1741016221890-0pvyeoy8d] [no-user] info: Incoming POST request to /api/auth/login
undefined [req-1741016221890-0pvyeoy8d] [no-user] info: Completed POST /login with status 200 [duration: 128ms]
undefined [no-request-id] [no-user] info: ::ffff:127.0.0.1 - - [03/Mar/2025:15:37:02 +0000] "POST /api/auth/login HTTP/1.1" 200 772 "-" "-"
undefined [req-1741016222039-ajs8ttsc3] [no-user] info: Incoming POST request to /api/auth/register
undefined [req-1741016222039-ajs8ttsc3] [no-user] info: Completed POST /register with status 201 [duration: 96ms]
undefined [no-request-id] [no-user] info: ::ffff:127.0.0.1 - - [03/Mar/2025:15:37:02 +0000] "POST /api/auth/register HTTP/1.1" 201 631 "-" "-"
undefined [req-1741016222145-uvme07zgp] [no-user] info: Incoming POST request to /api/auth/login
undefined [no-request-id] [no-user] error: Invalid credentials
undefined [req-1741016222145-uvme07zgp] [no-user] info: Completed POST /api/auth/login with status 401 [duration: 93ms]
undefined [no-request-id] [no-user] info: ::ffff:127.0.0.1 - - [03/Mar/2025:15:37:02 +0000] "POST /api/auth/login HTTP/1.1" 401 491 "-" "-"
undefined [req-1741016222255-cx68ikkin] [no-user] info: Incoming POST request to /api/auth/register
undefined [req-1741016222255-cx68ikkin] [no-user] info: Completed POST /register with status 201 [duration: 93ms]
undefined [no-request-id] [no-user] info: ::ffff:127.0.0.1 - - [03/Mar/2025:15:37:02 +0000] "POST /api/auth/register HTTP/1.1" 201 631 "-" "-"
undefined [req-1741016222359-7akdc926c] [no-user] info: Incoming POST request to /api/auth/login
undefined [no-request-id] [no-user] error: Invalid credentials
undefined [req-1741016222359-7akdc926c] [no-user] info: Completed POST /api/auth/login with status 401 [duration: 16ms]
undefined [no-request-id] [no-user] info: ::ffff:127.0.0.1 - - [03/Mar/2025:15:37:02 +0000] "POST /api/auth/login HTTP/1.1" 401 491 "-" "-"
undefined [req-1741016222389-sk7hvzovj] [no-user] info: Incoming POST request to /api/auth/register
undefined [req-1741016222389-sk7hvzovj] [no-user] info: Completed POST /register with status 201 [duration: 121ms]
undefined [no-request-id] [no-user] info: ::ffff:127.0.0.1 - - [03/Mar/2025:15:37:02 +0000] "POST /api/auth/register HTTP/1.1" 201 631 "-" "-"
undefined [req-1741016222521-p55mjtg5c] [no-user] info: Incoming GET request to /api/auth/me
undefined [req-1741016224585-8kbaxbanz] [no-user] info: Incoming GET request to /
undefined [req-1741016224585-8kbaxbanz] [no-user] warn: Route not found
undefined [req-1741016224585-8kbaxbanz] [no-user] info: Completed GET / with status 404 [duration: 14ms]
undefined [no-request-id] [no-user] info: ::1 - - [03/Mar/2025:15:37:04 +0000] "GET / HTTP/1.1" 404 113 "-" "node-fetch/1.0 (+https://github.com/bitinn/node-fetch)"
undefined [req-1741016252557-auqa6hc5m] [no-user] info: Incoming POST request to /api/auth/register
undefined [req-1741016252557-auqa6hc5m] [no-user] info: Completed POST /register with status 201 [duration: 128ms]
undefined [no-request-id] [no-user] info: ::ffff:127.0.0.1 - - [03/Mar/2025:15:37:32 +0000] "POST /api/auth/register HTTP/1.1" 201 631 "-" "-"
undefined [req-1741016252696-880pov7dk] [no-user] info: Incoming GET request to /api/auth/me
undefined [req-1741016256035-bahklt3gl] [no-user] info: Incoming GET request to /
undefined [req-1741016256035-bahklt3gl] [no-user] warn: Route not found
undefined [req-1741016256035-bahklt3gl] [no-user] info: Completed GET / with status 404 [duration: 19ms]
undefined [no-request-id] [no-user] info: ::1 - - [03/Mar/2025:15:37:36 +0000] "GET / HTTP/1.1" 404 113 "-" "node-fetch/1.0 (+https://github.com/bitinn/node-fetch)"
undefined [req-1741016282716-idnv5igg6] [no-user] info: Incoming POST request to /api/auth/register
undefined [req-1741016282716-idnv5igg6] [no-user] info: Completed POST /register with status 201 [duration: 116ms]
undefined [no-request-id] [no-user] info: ::ffff:127.0.0.1 - - [03/Mar/2025:15:38:02 +0000] "POST /api/auth/register HTTP/1.1" 201 631 "-" "-"
undefined [req-1741016282841-6cop9ywxk] [no-user] info: Incoming GET request to /api/auth/me
undefined [req-1741016286467-yfm6nj0ir] [no-user] info: Incoming GET request to /
undefined [req-1741016286467-yfm6nj0ir] [no-user] warn: Route not found
undefined [req-1741016286467-yfm6nj0ir] [no-user] info: Completed GET / with status 404 [duration: 15ms]
undefined [no-request-id] [no-user] info: ::1 - - [03/Mar/2025:15:38:06 +0000] "GET / HTTP/1.1" 404 113 "-" "node-fetch/1.0 (+https://github.com/bitinn/node-fetch)"
undefined [no-request-id] [no-user] error: MongoDB connection error: bad auth : authentication failed
undefined [req-1741016329172-ab3imfeiq] [no-user] info: Incoming GET request to /api/cars/options
undefined [req-1741016332783-ivhmdy4wt] [no-user] info: Incoming GET request to /
undefined [req-1741016332783-ivhmdy4wt] [no-user] warn: Route not found
undefined [req-1741016332783-ivhmdy4wt] [no-user] info: Completed GET / with status 404 [duration: 21ms]
undefined [no-request-id] [no-user] info: ::1 - - [03/Mar/2025:15:38:52 +0000] "GET / HTTP/1.1" 404 113 "-" "node-fetch/1.0 (+https://github.com/bitinn/node-fetch)"
undefined [no-request-id] [no-user] info: System resources
undefined [no-request-id] [no-user] info: System resources
undefined [no-request-id] [no-user] info: System resources
undefined [no-request-id] [no-user] info: System resources
undefined [req-1741016359218-528gcex0b] [no-user] info: Incoming GET request to /api/cars/options
undefined [req-1741016363095-43yn8aorb] [no-user] info: Incoming GET request to /
undefined [req-1741016363095-43yn8aorb] [no-user] warn: Route not found
undefined [req-1741016363095-43yn8aorb] [no-user] info: Completed GET / with status 404 [duration: 26ms]
undefined [no-request-id] [no-user] info: ::1 - - [03/Mar/2025:15:39:23 +0000] "GET / HTTP/1.1" 404 113 "-" "node-fetch/1.0 (+https://github.com/bitinn/node-fetch)"
undefined [no-request-id] [no-user] info: System resources
undefined [no-request-id] [no-user] info: System resources
undefined [no-request-id] [no-user] info: System resources
undefined [no-request-id] [no-user] info: System resources
undefined [no-request-id] [no-user] info: System resources
undefined [no-request-id] [no-user] info: System resources
undefined [no-request-id] [no-user] info: System resources
undefined [no-request-id] [no-user] info: System resources
undefined [req-1741016389228-r9llmr039] [no-user] info: Incoming GET request to /api/cars
undefined [req-1741016390438-9e8xclrfk] [no-user] info: Incoming GET request to /
undefined [req-1741016390438-9e8xclrfk] [no-user] warn: Route not found
undefined [req-1741016390438-9e8xclrfk] [no-user] info: Completed GET / with status 404 [duration: 14ms]
undefined [no-request-id] [no-user] info: ::1 - - [03/Mar/2025:15:39:50 +0000] "GET / HTTP/1.1" 404 113 "-" "node-fetch/1.0 (+https://github.com/bitinn/node-fetch)"
undefined [no-request-id] [no-user] info: System resources
undefined [no-request-id] [no-user] info: System resources
undefined [no-request-id] [no-user] info: System resources
undefined [no-request-id] [no-user] info: System resources
undefined [req-1741016419252-6596cgoqq] [no-user] info: Incoming GET request to /api/cars
undefined [req-1741016420444-3bjbtv9sr] [no-user] info: Incoming GET request to /
undefined [req-1741016420444-3bjbtv9sr] [no-user] warn: Route not found
undefined [req-1741016420444-3bjbtv9sr] [no-user] info: Completed GET / with status 404 [duration: 16ms]
undefined [no-request-id] [no-user] info: ::1 - - [03/Mar/2025:15:40:20 +0000] "GET / HTTP/1.1" 404 113 "-" "node-fetch/1.0 (+https://github.com/bitinn/node-fetch)"
undefined [req-1741016449265-zcwhzs1v6] [no-user] info: Incoming GET request to /api/cars
undefined [req-1741016450430-ct3rcpq40] [no-user] info: Incoming GET request to /
undefined [req-1741016450430-ct3rcpq40] [no-user] warn: Route not found
undefined [req-1741016450430-ct3rcpq40] [no-user] info: Completed GET / with status 404 [duration: 16ms]
undefined [no-request-id] [no-user] info: ::1 - - [03/Mar/2025:15:40:50 +0000] "GET / HTTP/1.1" 404 113 "-" "node-fetch/1.0 (+https://github.com/bitinn/node-fetch)"
undefined [no-request-id] [no-user] info: System resources
undefined [no-request-id] [no-user] info: System resources
undefined [no-request-id] [no-user] info: System resources
undefined [no-request-id] [no-user] info: System resources
undefined [req-1741016479282-0ffi2zm9y] [no-user] info: Incoming GET request to /api/cars
undefined [req-1741016480381-qriozehkf] [no-user] info: Incoming GET request to /
undefined [req-1741016480381-qriozehkf] [no-user] warn: Route not found
undefined [req-1741016480381-qriozehkf] [no-user] info: Completed GET / with status 404 [duration: 15ms]
undefined [no-request-id] [no-user] info: ::1 - - [03/Mar/2025:15:41:20 +0000] "GET / HTTP/1.1" 404 113 "-" "node-fetch/1.0 (+https://github.com/bitinn/node-fetch)"
undefined [req-1741016509290-lhy14l0wn] [no-user] info: Incoming GET request to /api/cars
undefined [req-1741016510784-6q00qvi5g] [no-user] info: Incoming GET request to /
undefined [req-1741016510784-6q00qvi5g] [no-user] warn: Route not found
undefined [req-1741016510784-6q00qvi5g] [no-user] info: Completed GET / with status 404 [duration: 15ms]
undefined [no-request-id] [no-user] info: ::1 - - [03/Mar/2025:15:41:50 +0000] "GET / HTTP/1.1" 404 113 "-" "node-fetch/1.0 (+https://github.com/bitinn/node-fetch)"
undefined [no-request-id] [no-user] info: System resources
undefined [no-request-id] [no-user] info: System resources
undefined [no-request-id] [no-user] info: System resources
undefined [no-request-id] [no-user] info: System resources
undefined [no-request-id] [no-user] info: System resources
undefined [no-request-id] [no-user] info: System resources
undefined [req-1741016539330-y1092zelt] [no-user] info: Incoming GET request to /api/cars
undefined [req-1741016540579-b84kmyru9] [no-user] info: Incoming GET request to /
undefined [req-1741016540579-b84kmyru9] [no-user] warn: Route not found
undefined [req-1741016540579-b84kmyru9] [no-user] info: Completed GET / with status 404 [duration: 30ms]
undefined [no-request-id] [no-user] info: ::1 - - [03/Mar/2025:15:42:20 +0000] "GET / HTTP/1.1" 404 113 "-" "node-fetch/1.0 (+https://github.com/bitinn/node-fetch)"
undefined [req-1741016569335-lsqbw5liq] [no-user] info: Incoming GET request to /api/cars/tesla-model-3
undefined [req-1741016570594-1sx72f6du] [no-user] info: Incoming GET request to /
undefined [req-1741016570594-1sx72f6du] [no-user] warn: Route not found
undefined [req-1741016570594-1sx72f6du] [no-user] info: Completed GET / with status 404 [duration: 39ms]
undefined [no-request-id] [no-user] info: ::1 - - [03/Mar/2025:15:42:50 +0000] "GET / HTTP/1.1" 404 113 "-" "node-fetch/1.0 (+https://github.com/bitinn/node-fetch)"
undefined [req-1741016599359-3nssd6i59] [no-user] info: Incoming GET request to /api/cars/invalid-id
undefined [req-1741016600859-fbxfv7jri] [no-user] info: Incoming GET request to /
undefined [req-1741016600859-fbxfv7jri] [no-user] warn: Route not found
undefined [req-1741016600859-fbxfv7jri] [no-user] info: Completed GET / with status 404 [duration: 17ms]
undefined [no-request-id] [no-user] info: ::1 - - [03/Mar/2025:15:43:20 +0000] "GET / HTTP/1.1" 404 113 "-" "node-fetch/1.0 (+https://github.com/bitinn/node-fetch)"
undefined [no-request-id] [no-user] info: System resources
undefined [req-1741016639023-9zwzjcjhc] [no-user] info: Incoming GET request to /api/cars/tesla-model-3
undefined [req-1741016641101-1udyvdr3l] [no-user] info: Incoming GET request to /
undefined [req-1741016641101-1udyvdr3l] [no-user] warn: Route not found
undefined [req-1741016641101-1udyvdr3l] [no-user] info: Completed GET / with status 404 [duration: 27ms]
undefined [no-request-id] [no-user] info: ::1 - - [03/Mar/2025:15:44:01 +0000] "GET / HTTP/1.1" 404 113 "-" "node-fetch/1.0 (+https://github.com/bitinn/node-fetch)"
undefined [no-request-id] [no-user] info: System resources
undefined [no-request-id] [no-user] info: System resources
undefined [no-request-id] [no-user] info: System resources
undefined [no-request-id] [no-user] info: System resources
undefined [no-request-id] [no-user] info: System resources
undefined [no-request-id] [no-user] info: System resources
undefined [no-request-id] [no-user] info: System resources
undefined [no-request-id] [no-user] info: System resources
undefined [no-request-id] [no-user] info: System resources
undefined [no-request-id] [no-user] info: System resources
undefined [no-request-id] [no-user] info: System resources
undefined [no-request-id] [no-user] info: System resources
undefined [no-request-id] [no-user] info: System resources
undefined [no-request-id] [no-user] info: System resources
undefined [no-request-id] [no-user] info: System resources
undefined [no-request-id] [no-user] info: System resources
undefined [no-request-id] [no-user] info: System resources
undefined [no-request-id] [no-user] info: System resources
undefined [no-request-id] [no-user] info: System resources
undefined [no-request-id] [no-user] info: System resources
undefined [no-request-id] [no-user] error: MongoDB connection error: bad auth : authentication failed
undefined [req-1741016792610-f0pgo9pvq] [no-user] info: Incoming GET request to /api/cars/options
undefined [req-1741016794503-3upn3hdi2] [no-user] info: Incoming GET request to /
undefined [req-1741016794503-3upn3hdi2] [no-user] warn: Route not found
undefined [req-1741016794503-3upn3hdi2] [no-user] info: Completed GET / with status 404 [duration: 24ms]
undefined [no-request-id] [no-user] info: ::1 - - [03/Mar/2025:15:46:34 +0000] "GET / HTTP/1.1" 404 113 "-" "node-fetch/1.0 (+https://github.com/bitinn/node-fetch)"
undefined [req-1741016822613-9d8tee8v8] [no-user] info: Incoming GET request to /api/cars/options
undefined [req-1741016826191-l1n5ueqba] [no-user] info: Incoming GET request to /
undefined [req-1741016826191-l1n5ueqba] [no-user] warn: Route not found
undefined [req-1741016826191-l1n5ueqba] [no-user] info: Completed GET / with status 404 [duration: 81ms]
undefined [no-request-id] [no-user] info: ::1 - - [03/Mar/2025:15:47:06 +0000] "GET / HTTP/1.1" 404 113 "-" "node-fetch/1.0 (+https://github.com/bitinn/node-fetch)"
undefined [no-request-id] [no-user] info: System resources
undefined [no-request-id] [no-user] info: System resources
undefined [no-request-id] [no-user] info: System resources
undefined [no-request-id] [no-user] info: System resources
undefined [no-request-id] [no-user] info: System resources
undefined [no-request-id] [no-user] info: System resources
undefined [req-1741016852640-v8r4ow2ku] [no-user] info: Incoming GET request to /api/cars
undefined [req-1741016856195-yl1uvjcrt] [no-user] info: Incoming GET request to /
undefined [req-1741016856195-yl1uvjcrt] [no-user] warn: Route not found
undefined [req-1741016856195-yl1uvjcrt] [no-user] info: Completed GET / with status 404 [duration: 26ms]
undefined [no-request-id] [no-user] info: ::1 - - [03/Mar/2025:15:47:36 +0000] "GET / HTTP/1.1" 404 113 "-" "node-fetch/1.0 (+https://github.com/bitinn/node-fetch)"
undefined [req-1741016882645-rbdtmfi11] [no-user] info: Incoming GET request to /api/cars
undefined [req-1741016886241-yw9ywbz6s] [no-user] info: Incoming GET request to /
undefined [req-1741016886241-yw9ywbz6s] [no-user] warn: Route not found
undefined [req-1741016886241-yw9ywbz6s] [no-user] info: Completed GET / with status 404 [duration: 31ms]
undefined [no-request-id] [no-user] info: ::1 - - [03/Mar/2025:15:48:06 +0000] "GET / HTTP/1.1" 404 113 "-" "node-fetch/1.0 (+https://github.com/bitinn/node-fetch)"
undefined [req-1741016912673-2tq04jspc] [no-user] info: Incoming GET request to /api/cars
undefined [req-1741016918466-2d6gi8pm9] [no-user] info: Incoming GET request to /
undefined [req-1741016918466-2d6gi8pm9] [no-user] warn: Route not found
undefined [req-1741016918466-2d6gi8pm9] [no-user] info: Completed GET / with status 404 [duration: 17ms]
undefined [no-request-id] [no-user] info: ::1 - - [03/Mar/2025:15:48:38 +0000] "GET / HTTP/1.1" 404 113 "-" "node-fetch/1.0 (+https://github.com/bitinn/node-fetch)"
undefined [no-request-id] [no-user] info: System resources
undefined [req-1741016952288-fl0zcoonk] [no-user] info: Incoming GET request to /api/cars
undefined [req-1741016956144-km2op2hs2] [no-user] info: Incoming GET request to /
undefined [req-1741016956144-km2op2hs2] [no-user] warn: Route not found
undefined [req-1741016956144-km2op2hs2] [no-user] info: Completed GET / with status 404 [duration: 13ms]
undefined [no-request-id] [no-user] info: ::1 - - [03/Mar/2025:15:49:16 +0000] "GET / HTTP/1.1" 404 113 "-" "node-fetch/1.0 (+https://github.com/bitinn/node-fetch)"
undefined [no-request-id] [no-user] info: System resources
undefined [no-request-id] [no-user] info: System resources
undefined [no-request-id] [no-user] info: System resources
undefined [no-request-id] [no-user] info: System resources
undefined [no-request-id] [no-user] info: System resources
undefined [req-1741016982289-0zarld85j] [no-user] info: Incoming GET request to /api/cars
undefined [req-1741016985602-jjbhvvvfz] [no-user] info: Incoming GET request to /
undefined [req-1741016985602-jjbhvvvfz] [no-user] warn: Route not found
undefined [req-1741016985602-jjbhvvvfz] [no-user] info: Completed GET / with status 404 [duration: 12ms]
undefined [no-request-id] [no-user] info: ::1 - - [03/Mar/2025:15:49:45 +0000] "GET / HTTP/1.1" 404 113 "-" "node-fetch/1.0 (+https://github.com/bitinn/node-fetch)"
undefined [no-request-id] [no-user] info: System resources
undefined [no-request-id] [no-user] info: System resources
undefined [no-request-id] [no-user] info: System resources
undefined [no-request-id] [no-user] info: System resources
undefined [no-request-id] [no-user] info: System resources
undefined [no-request-id] [no-user] info: System resources
undefined [no-request-id] [no-user] info: System resources
undefined [no-request-id] [no-user] info: System resources
undefined [req-1741017012306-7nr7844c8] [no-user] info: Incoming GET request to /api/cars
undefined [req-1741017016040-np5n3kefk] [no-user] info: Incoming GET request to /
undefined [req-1741017016040-np5n3kefk] [no-user] warn: Route not found
undefined [req-1741017016040-np5n3kefk] [no-user] info: Completed GET / with status 404 [duration: 12ms]
undefined [no-request-id] [no-user] info: ::1 - - [03/Mar/2025:15:50:16 +0000] "GET / HTTP/1.1" 404 113 "-" "node-fetch/1.0 (+https://github.com/bitinn/node-fetch)"
undefined [no-request-id] [no-user] info: System resources
undefined [no-request-id] [no-user] info: System resources
undefined [no-request-id] [no-user] info: System resources
undefined [no-request-id] [no-user] info: System resources
undefined [req-1741017042336-zmzk99spt] [no-user] info: Incoming GET request to /api/cars/tesla-model-3
undefined [req-1741017045750-76vvat4bp] [no-user] info: Incoming GET request to /
undefined [req-1741017045750-76vvat4bp] [no-user] warn: Route not found
undefined [req-1741017045750-76vvat4bp] [no-user] info: Completed GET / with status 404 [duration: 13ms]
undefined [no-request-id] [no-user] info: ::1 - - [03/Mar/2025:15:50:45 +0000] "GET / HTTP/1.1" 404 113 "-" "node-fetch/1.0 (+https://github.com/bitinn/node-fetch)"
undefined [req-1741017072327-uz1gi0m5s] [no-user] info: Incoming GET request to /api/cars/invalid-id
undefined [req-1741017075575-gxxta7iwa] [no-user] info: Incoming GET request to /
undefined [req-1741017075575-gxxta7iwa] [no-user] warn: Route not found
undefined [req-1741017075575-gxxta7iwa] [no-user] info: Completed GET / with status 404 [duration: 27ms]
undefined [no-request-id] [no-user] info: ::1 - - [03/Mar/2025:15:51:15 +0000] "GET / HTTP/1.1" 404 113 "-" "node-fetch/1.0 (+https://github.com/bitinn/node-fetch)"
undefined [no-request-id] [no-user] info: System resources
undefined [no-request-id] [no-user] info: System resources
undefined [no-request-id] [no-user] info: System resources
undefined [no-request-id] [no-user] info: System resources
undefined [no-request-id] [no-user] info: System resources
undefined [req-1741017102347-761iwlpax] [no-user] info: Incoming GET request to /api/cars/tesla-model-3
undefined [req-1741017105596-ki1es89ki] [no-user] info: Incoming GET request to /
undefined [req-1741017105596-ki1es89ki] [no-user] warn: Route not found
undefined [req-1741017105596-ki1es89ki] [no-user] info: Completed GET / with status 404 [duration: 15ms]
undefined [no-request-id] [no-user] info: ::1 - - [03/Mar/2025:15:51:45 +0000] "GET / HTTP/1.1" 404 113 "-" "node-fetch/1.0 (+https://github.com/bitinn/node-fetch)"
undefined [no-request-id] [no-user] error: MongoDB connection error: bad auth : authentication failed
undefined [req-1741017137102-d198lea96] [no-user] info: Incoming POST request to /api/auth/register
undefined [req-1741017137102-d198lea96] [no-user] info: Completed POST /register with status 201 [duration: 132ms]
undefined [no-request-id] [no-user] info: ::ffff:127.0.0.1 - - [03/Mar/2025:15:52:17 +0000] "POST /api/auth/register HTTP/1.1" 201 631 "-" "-"
undefined [req-1741017137258-gzs3rt4p9] [no-user] info: Incoming POST request to /api/auth/register
undefined [req-1741017137258-gzs3rt4p9] [no-user] info: Completed POST /register with status 201 [duration: 88ms]
undefined [no-request-id] [no-user] info: ::ffff:127.0.0.1 - - [03/Mar/2025:15:52:17 +0000] "POST /api/auth/register HTTP/1.1" 201 631 "-" "-"
undefined [req-1741017137354-4zrero06h] [no-user] info: Incoming POST request to /api/auth/register
undefined [no-request-id] [no-user] error: User already exists
undefined [req-1741017137354-4zrero06h] [no-user] info: Completed POST /api/auth/register with status 400 [duration: 28ms]
undefined [no-request-id] [no-user] info: ::ffff:127.0.0.1 - - [03/Mar/2025:15:52:17 +0000] "POST /api/auth/register HTTP/1.1" 400 485 "-" "-"
undefined [req-1741017137397-4thyisk1i] [no-user] info: Incoming POST request to /api/auth/register
undefined [no-request-id] [no-user] error: Validation failed
undefined [req-1741017137397-4thyisk1i] [no-user] info: Completed POST /api/auth/register with status 400 [duration: 21ms]
undefined [no-request-id] [no-user] info: ::ffff:127.0.0.1 - - [03/Mar/2025:15:52:17 +0000] "POST /api/auth/register HTTP/1.1" 400 3276 "-" "-"
undefined [req-1741017137446-ioo7n0yap] [no-user] info: Incoming POST request to /api/auth/register
undefined [no-request-id] [no-user] error: Validation failed
undefined [req-1741017137446-ioo7n0yap] [no-user] info: Completed POST /api/auth/register with status 400 [duration: 24ms]
undefined [no-request-id] [no-user] info: ::ffff:127.0.0.1 - - [03/Mar/2025:15:52:17 +0000] "POST /api/auth/register HTTP/1.1" 400 3298 "-" "-"
undefined [req-1741017137488-ql6sox76k] [no-user] info: Incoming POST request to /api/auth/register
undefined [no-request-id] [no-user] error: Validation failed
undefined [req-1741017137488-ql6sox76k] [no-user] info: Completed POST /api/auth/register with status 400 [duration: 15ms]
undefined [no-request-id] [no-user] info: ::ffff:127.0.0.1 - - [03/Mar/2025:15:52:17 +0000] "POST /api/auth/register HTTP/1.1" 400 3289 "-" "-"
undefined [req-1741017137517-3pog8artz] [no-user] info: Incoming POST request to /api/auth/register
undefined [req-1741017137517-3pog8artz] [no-user] info: Completed POST /register with status 201 [duration: 90ms]
undefined [no-request-id] [no-user] info: ::ffff:127.0.0.1 - - [03/Mar/2025:15:52:17 +0000] "POST /api/auth/register HTTP/1.1" 201 631 "-" "-"
undefined [req-1741017137627-z3r6c9aee] [no-user] info: Incoming POST request to /api/auth/login
undefined [req-1741017137627-z3r6c9aee] [no-user] info: Completed POST /login with status 200 [duration: 159ms]
undefined [no-request-id] [no-user] info: ::ffff:127.0.0.1 - - [03/Mar/2025:15:52:17 +0000] "POST /api/auth/login HTTP/1.1" 200 772 "-" "-"
undefined [req-1741017137800-dursdbjpc] [no-user] info: Incoming POST request to /api/auth/register
undefined [req-1741017137800-dursdbjpc] [no-user] info: Completed POST /register with status 201 [duration: 91ms]
undefined [no-request-id] [no-user] info: ::ffff:127.0.0.1 - - [03/Mar/2025:15:52:17 +0000] "POST /api/auth/register HTTP/1.1" 201 631 "-" "-"
undefined [req-1741017137908-nogm3uzpc] [no-user] info: Incoming POST request to /api/auth/login
undefined [no-request-id] [no-user] error: Invalid credentials
undefined [req-1741017137908-nogm3uzpc] [no-user] info: Completed POST /api/auth/login with status 401 [duration: 102ms]
undefined [no-request-id] [no-user] info: ::ffff:127.0.0.1 - - [03/Mar/2025:15:52:18 +0000] "POST /api/auth/login HTTP/1.1" 401 491 "-" "-"
undefined [req-1741017138049-9j99204c7] [no-user] info: Incoming POST request to /api/auth/register
undefined [req-1741017138049-9j99204c7] [no-user] info: Completed POST /register with status 201 [duration: 102ms]
undefined [no-request-id] [no-user] info: ::ffff:127.0.0.1 - - [03/Mar/2025:15:52:18 +0000] "POST /api/auth/register HTTP/1.1" 201 631 "-" "-"
undefined [req-1741017138160-xtme1xqhj] [no-user] info: Incoming POST request to /api/auth/login
undefined [no-request-id] [no-user] error: Invalid credentials
undefined [req-1741017138160-xtme1xqhj] [no-user] info: Completed POST /api/auth/login with status 401 [duration: 14ms]
undefined [no-request-id] [no-user] info: ::ffff:127.0.0.1 - - [03/Mar/2025:15:52:18 +0000] "POST /api/auth/login HTTP/1.1" 401 491 "-" "-"
undefined [req-1741017138186-t6bgks0rc] [no-user] info: Incoming POST request to /api/auth/register
undefined [req-1741017138186-t6bgks0rc] [no-user] info: Completed POST /register with status 201 [duration: 85ms]
undefined [no-request-id] [no-user] info: ::ffff:127.0.0.1 - - [03/Mar/2025:15:52:18 +0000] "POST /api/auth/register HTTP/1.1" 201 631 "-" "-"
undefined [req-1741017138281-vursfx0lg] [no-user] info: Incoming GET request to /api/auth/me
undefined [req-1741017141762-l5ojpv8hw] [no-user] info: Incoming GET request to /
undefined [req-1741017141762-l5ojpv8hw] [no-user] warn: Route not found
undefined [req-1741017141762-l5ojpv8hw] [no-user] info: Completed GET / with status 404 [duration: 12ms]
undefined [no-request-id] [no-user] info: ::1 - - [03/Mar/2025:15:52:21 +0000] "GET / HTTP/1.1" 404 113 "-" "node-fetch/1.0 (+https://github.com/bitinn/node-fetch)"
undefined [no-request-id] [no-user] info: System resources
undefined [no-request-id] [no-user] info: System resources
undefined [no-request-id] [no-user] info: System resources
undefined [no-request-id] [no-user] info: System resources
undefined [no-request-id] [no-user] info: System resources
undefined [no-request-id] [no-user] info: System resources
undefined [req-1741017168306-xx7hhte8n] [no-user] info: Incoming POST request to /api/auth/register
undefined [req-1741017168306-xx7hhte8n] [no-user] info: Completed POST /register with status 201 [duration: 132ms]
undefined [no-request-id] [no-user] info: ::ffff:127.0.0.1 - - [03/Mar/2025:15:52:48 +0000] "POST /api/auth/register HTTP/1.1" 201 631 "-" "-"
undefined [req-1741017168450-hmc6o8o8v] [no-user] info: Incoming GET request to /api/auth/me
undefined [req-1741017171915-2xd8xsi87] [no-user] info: Incoming GET request to /
undefined [req-1741017171915-2xd8xsi87] [no-user] warn: Route not found
undefined [req-1741017171915-2xd8xsi87] [no-user] info: Completed GET / with status 404 [duration: 14ms]
undefined [no-request-id] [no-user] info: ::1 - - [03/Mar/2025:15:52:51 +0000] "GET / HTTP/1.1" 404 113 "-" "node-fetch/1.0 (+https://github.com/bitinn/node-fetch)"
undefined [req-1741017198468-tcyqc8woo] [no-user] info: Incoming POST request to /api/auth/register
undefined [req-1741017198468-tcyqc8woo] [no-user] info: Completed POST /register with status 201 [duration: 113ms]
undefined [no-request-id] [no-user] info: ::ffff:127.0.0.1 - - [03/Mar/2025:15:53:18 +0000] "POST /api/auth/register HTTP/1.1" 201 631 "-" "-"
undefined [req-1741017198592-id3v7q4u2] [no-user] info: Incoming GET request to /api/auth/me
undefined [req-1741017201635-4o9d1goqj] [no-user] info: Incoming GET request to /
undefined [req-1741017201635-4o9d1goqj] [no-user] warn: Route not found
undefined [req-1741017201635-4o9d1goqj] [no-user] info: Completed GET / with status 404 [duration: 12ms]
undefined [no-request-id] [no-user] info: ::1 - - [03/Mar/2025:15:53:21 +0000] "GET / HTTP/1.1" 404 113 "-" "node-fetch/1.0 (+https://github.com/bitinn/node-fetch)"
undefined [no-request-id] [no-user] info: System resources
undefined [no-request-id] [no-user] info: System resources
undefined [no-request-id] [no-user] info: System resources
undefined [no-request-id] [no-user] info: System resources
undefined [no-request-id] [no-user] info: System resources
undefined [no-request-id] [no-user] info: System resources
undefined [no-request-id] [no-user] info: System resources
undefined [no-request-id] [no-user] info: System resources
undefined [no-request-id] [no-user] info: System resources
undefined [no-request-id] [no-user] info: System resources
undefined [no-request-id] [no-user] info: System resources
undefined [no-request-id] [no-user] info: System resources
undefined [no-request-id] [no-user] info: System resources
undefined [no-request-id] [no-user] info: System resources
undefined [no-request-id] [no-user] info: System resources
undefined [no-request-id] [no-user] info: System resources
undefined [no-request-id] [no-user] info: System resources
undefined [no-request-id] [no-user] info: System resources
undefined [no-request-id] [no-user] info: System resources
undefined [no-request-id] [no-user] info: System resources
undefined [no-request-id] [no-user] info: System resources
undefined [no-request-id] [no-user] info: System resources
undefined [no-request-id] [no-user] info: System resources
undefined [no-request-id] [no-user] info: System resources
undefined [no-request-id] [no-user] info: System resources
undefined [no-request-id] [no-user] info: System resources
undefined [no-request-id] [no-user] info: System resources
undefined [no-request-id] [no-user] info: System resources
undefined [no-request-id] [no-user] info: System resources
undefined [no-request-id] [no-user] info: System resources
undefined [no-request-id] [no-user] info: System resources
undefined [no-request-id] [no-user] info: System resources
undefined [no-request-id] [no-user] info: System resources
undefined [no-request-id] [no-user] info: System resources
undefined [no-request-id] [no-user] info: System resources
undefined [no-request-id] [no-user] info: System resources
undefined [no-request-id] [no-user] info: System resources
undefined [no-request-id] [no-user] info: System resources
undefined [no-request-id] [no-user] info: System resources
undefined [no-request-id] [no-user] info: System resources
undefined [no-request-id] [no-user] info: System resources
undefined [no-request-id] [no-user] info: System resources
undefined [no-request-id] [no-user] info: System resources
undefined [no-request-id] [no-user] info: System resources
undefined [no-request-id] [no-user] info: System resources
undefined [no-request-id] [no-user] info: System resources
undefined [no-request-id] [no-user] info: System resources
undefined [no-request-id] [no-user] info: System resources
undefined [no-request-id] [no-user] info: System resources
undefined [no-request-id] [no-user] info: System resources
undefined [no-request-id] [no-user] info: System resources
undefined [no-request-id] [no-user] info: System resources
undefined [no-request-id] [no-user] info: System resources
undefined [no-request-id] [no-user] info: System resources
undefined [no-request-id] [no-user] info: System resources
undefined [no-request-id] [no-user] info: System resources
undefined [no-request-id] [no-user] info: System resources
undefined [no-request-id] [no-user] info: System resources
undefined [no-request-id] [no-user] info: System resources
undefined [no-request-id] [no-user] info: System resources
undefined [no-request-id] [no-user] info: System resources
undefined [no-request-id] [no-user] info: System resources
undefined [no-request-id] [no-user] info: System resources
undefined [no-request-id] [no-user] info: System resources
undefined [no-request-id] [no-user] info: System resources
undefined [no-request-id] [no-user] info: System resources
undefined [no-request-id] [no-user] info: System resources
undefined [no-request-id] [no-user] info: System resources
undefined [no-request-id] [no-user] info: System resources
undefined [no-request-id] [no-user] info: System resources
undefined [no-request-id] [no-user] info: System resources
undefined [no-request-id] [no-user] info: System resources
undefined [no-request-id] [no-user] info: System resources
undefined [no-request-id] [no-user] info: System resources
undefined [no-request-id] [no-user] info: System resources
undefined [no-request-id] [no-user] info: System resources
undefined [no-request-id] [no-user] info: System resources
undefined [no-request-id] [no-user] info: System resources
undefined [no-request-id] [no-user] info: System resources
undefined [no-request-id] [no-user] info: System resources
undefined [no-request-id] [no-user] info: System resources
undefined [no-request-id] [no-user] info: System resources
undefined [no-request-id] [no-user] info: System resources
undefined [no-request-id] [no-user] info: System resources
undefined [no-request-id] [no-user] info: System resources
undefined [no-request-id] [no-user] info: System resources
undefined [no-request-id] [no-user] info: System resources
undefined [no-request-id] [no-user] info: System resources
undefined [no-request-id] [no-user] info: System resources
undefined [no-request-id] [no-user] info: System resources
undefined [no-request-id] [no-user] info: System resources
undefined [no-request-id] [no-user] info: System resources
undefined [no-request-id] [no-user] info: System resources
undefined [no-request-id] [no-user] info: System resources
undefined [no-request-id] [no-user] info: System resources
undefined [no-request-id] [no-user] info: System resources
undefined [no-request-id] [no-user] info: System resources
undefined [no-request-id] [no-user] info: System resources
undefined [no-request-id] [no-user] info: System resources
undefined [no-request-id] [no-user] info: System resources
undefined [no-request-id] [no-user] info: System resources
undefined [no-request-id] [no-user] info: System resources
undefined [no-request-id] [no-user] info: System resources
undefined [no-request-id] [no-user] info: System resources
undefined [no-request-id] [no-user] info: System resources
undefined [no-request-id] [no-user] info: System resources
undefined [no-request-id] [no-user] info: System resources
undefined [no-request-id] [no-user] info: System resources
undefined [no-request-id] [no-user] info: System resources
undefined [no-request-id] [no-user] info: System resources
undefined [no-request-id] [no-user] info: System resources
undefined [no-request-id] [no-user] info: System resources
undefined [no-request-id] [no-user] info: System resources
undefined [no-request-id] [no-user] info: System resources
undefined [no-request-id] [no-user] info: System resources
undefined [no-request-id] [no-user] info: System resources
undefined [no-request-id] [no-user] info: System resources
undefined [no-request-id] [no-user] info: System resources
undefined [no-request-id] [no-user] info: System resources
undefined [no-request-id] [no-user] info: System resources
undefined [no-request-id] [no-user] info: System resources
undefined [no-request-id] [no-user] info: System resources
undefined [no-request-id] [no-user] info: System resources
undefined [no-request-id] [no-user] info: System resources
undefined [no-request-id] [no-user] info: System resources
undefined [no-request-id] [no-user] info: System resources
undefined [no-request-id] [no-user] info: System resources
undefined [no-request-id] [no-user] info: System resources
undefined [no-request-id] [no-user] info: System resources
undefined [no-request-id] [no-user] info: System resources
undefined [no-request-id] [no-user] info: System resources
undefined [no-request-id] [no-user] info: System resources
undefined [no-request-id] [no-user] info: System resources
undefined [no-request-id] [no-user] info: System resources
undefined [no-request-id] [no-user] info: System resources
undefined [no-request-id] [no-user] info: System resources
undefined [no-request-id] [no-user] info: System resources
undefined [no-request-id] [no-user] info: System resources
undefined [no-request-id] [no-user] info: System resources
undefined [no-request-id] [no-user] info: System resources
undefined [no-request-id] [no-user] info: System resources
undefined [no-request-id] [no-user] info: System resources
undefined [no-request-id] [no-user] info: System resources
undefined [no-request-id] [no-user] info: System resources
undefined [no-request-id] [no-user] info: System resources
undefined [no-request-id] [no-user] info: System resources
undefined [no-request-id] [no-user] info: System resources
undefined [no-request-id] [no-user] info: System resources
undefined [no-request-id] [no-user] info: System resources
undefined [no-request-id] [no-user] info: System resources
undefined [no-request-id] [no-user] info: System resources
undefined [no-request-id] [no-user] info: System resources
undefined [no-request-id] [no-user] info: System resources
undefined [no-request-id] [no-user] info: System resources
undefined [no-request-id] [no-user] info: System resources
undefined [no-request-id] [no-user] info: System resources
undefined [no-request-id] [no-user] info: System resources
undefined [no-request-id] [no-user] info: System resources
undefined [no-request-id] [no-user] info: System resources
undefined [no-request-id] [no-user] info: System resources
undefined [no-request-id] [no-user] info: System resources
undefined [no-request-id] [no-user] info: System resources
undefined [no-request-id] [no-user] info: System resources
undefined [no-request-id] [no-user] info: System resources
undefined [no-request-id] [no-user] info: System resources
undefined [no-request-id] [no-user] info: System resources
undefined [no-request-id] [no-user] info: System resources
undefined [no-request-id] [no-user] info: System resources
undefined [no-request-id] [no-user] info: System resources
undefined [no-request-id] [no-user] info: System resources
undefined [no-request-id] [no-user] info: System resources
undefined [no-request-id] [no-user] info: System resources
undefined [no-request-id] [no-user] info: System resources
undefined [no-request-id] [no-user] info: System resources
undefined [no-request-id] [no-user] info: System resources
undefined [no-request-id] [no-user] info: System resources
undefined [no-request-id] [no-user] info: System resources
undefined [no-request-id] [no-user] info: System resources
undefined [no-request-id] [no-user] info: System resources
undefined [no-request-id] [no-user] info: System resources
undefined [no-request-id] [no-user] info: System resources
undefined [no-request-id] [no-user] info: System resources
undefined [no-request-id] [no-user] info: System resources
undefined [no-request-id] [no-user] info: System resources
undefined [no-request-id] [no-user] info: System resources
undefined [no-request-id] [no-user] info: System resources
undefined [no-request-id] [no-user] info: System resources
undefined [no-request-id] [no-user] info: System resources
undefined [no-request-id] [no-user] info: System resources
undefined [no-request-id] [no-user] info: System resources
undefined [no-request-id] [no-user] info: System resources
undefined [no-request-id] [no-user] info: System resources
undefined [no-request-id] [no-user] info: System resources
undefined [no-request-id] [no-user] info: System resources
undefined [no-request-id] [no-user] info: System resources
undefined [no-request-id] [no-user] info: System resources
undefined [no-request-id] [no-user] info: System resources
undefined [no-request-id] [no-user] info: System resources
undefined [no-request-id] [no-user] info: System resources
undefined [no-request-id] [no-user] info: System resources
undefined [no-request-id] [no-user] info: System resources
undefined [no-request-id] [no-user] info: System resources
undefined [no-request-id] [no-user] info: System resources
undefined [no-request-id] [no-user] info: System resources
undefined [no-request-id] [no-user] info: System resources
undefined [no-request-id] [no-user] info: System resources
undefined [no-request-id] [no-user] info: System resources
undefined [no-request-id] [no-user] info: System resources
undefined [no-request-id] [no-user] info: System resources
undefined [no-request-id] [no-user] info: System resources
undefined [no-request-id] [no-user] info: System resources
undefined [no-request-id] [no-user] info: System resources
undefined [no-request-id] [no-user] info: System resources
undefined [no-request-id] [no-user] info: System resources
undefined [no-request-id] [no-user] info: System resources
undefined [no-request-id] [no-user] info: System resources
undefined [no-request-id] [no-user] info: System resources
undefined [no-request-id] [no-user] info: System resources
undefined [no-request-id] [no-user] info: System resources
undefined [no-request-id] [no-user] info: System resources
undefined [no-request-id] [no-user] info: System resources
undefined [no-request-id] [no-user] info: System resources
undefined [no-request-id] [no-user] info: System resources
undefined [no-request-id] [no-user] info: System resources
undefined [no-request-id] [no-user] info: System resources
undefined [no-request-id] [no-user] info: System resources
undefined [no-request-id] [no-user] info: System resources
undefined [no-request-id] [no-user] info: System resources
undefined [no-request-id] [no-user] info: System resources
undefined [no-request-id] [no-user] info: System resources
undefined [no-request-id] [no-user] info: System resources
undefined [no-request-id] [no-user] info: System resources
undefined [no-request-id] [no-user] info: System resources
undefined [no-request-id] [no-user] info: System resources
undefined [no-request-id] [no-user] info: System resources
undefined [no-request-id] [no-user] info: System resources
undefined [no-request-id] [no-user] info: System resources
undefined [no-request-id] [no-user] info: System resources
undefined [no-request-id] [no-user] info: System resources
undefined [no-request-id] [no-user] info: System resources
undefined [no-request-id] [no-user] info: System resources
undefined [no-request-id] [no-user] info: System resources
undefined [no-request-id] [no-user] info: System resources
undefined [no-request-id] [no-user] info: System resources
undefined [no-request-id] [no-user] info: System resources
undefined [no-request-id] [no-user] info: System resources
undefined [no-request-id] [no-user] info: System resources
undefined [no-request-id] [no-user] info: System resources
undefined [no-request-id] [no-user] info: System resources
undefined [no-request-id] [no-user] info: System resources
undefined [no-request-id] [no-user] info: System resources
undefined [no-request-id] [no-user] info: System resources
undefined [no-request-id] [no-user] info: System resources
undefined [no-request-id] [no-user] info: System resources
undefined [no-request-id] [no-user] info: System resources
undefined [no-request-id] [no-user] info: System resources
undefined [no-request-id] [no-user] info: System resources
undefined [no-request-id] [no-user] info: System resources
undefined [no-request-id] [no-user] info: System resources
undefined [no-request-id] [no-user] info: System resources
undefined [no-request-id] [no-user] info: System resources
undefined [no-request-id] [no-user] info: System resources
undefined [no-request-id] [no-user] info: System resources
undefined [no-request-id] [no-user] info: System resources
undefined [no-request-id] [no-user] info: System resources
undefined [no-request-id] [no-user] info: System resources
undefined [no-request-id] [no-user] info: System resources
undefined [no-request-id] [no-user] info: System resources
undefined [no-request-id] [no-user] info: System resources
undefined [no-request-id] [no-user] info: System resources
undefined [no-request-id] [no-user] info: System resources
undefined [no-request-id] [no-user] info: System resources
undefined [no-request-id] [no-user] info: System resources
undefined [no-request-id] [no-user] info: System resources
undefined [no-request-id] [no-user] info: System resources
undefined [no-request-id] [no-user] info: System resources
undefined [no-request-id] [no-user] info: System resources
undefined [no-request-id] [no-user] info: System resources
undefined [no-request-id] [no-user] info: System resources
undefined [no-request-id] [no-user] info: System resources
undefined [no-request-id] [no-user] info: System resources
undefined [no-request-id] [no-user] info: System resources
undefined [no-request-id] [no-user] info: System resources
undefined [no-request-id] [no-user] info: System resources
undefined [no-request-id] [no-user] info: System resources
undefined [no-request-id] [no-user] info: System resources
