undefined [no-request-id] [no-user] error: MongoDB connection error: bad auth : authentication failed
undefined [no-request-id] [no-user] error: MongoDB connection error: bad auth : authentication failed
undefined [no-request-id] [no-user] error: MongoDB connection error: bad auth : authentication failed
undefined [no-request-id] [no-user] error: MongoDB connection error: bad auth : authentication failed
undefined [no-request-id] [no-user] error: MongoDB connection error: bad auth : authentication failed
undefined [no-request-id] [no-user] error: MongoDB connection error: bad auth : authentication failed
undefined [no-request-id] [no-user] error: MongoDB connection error: bad auth : authentication failed
undefined [no-request-id] [no-user] error: MongoDB connection error: bad auth : authentication failed
undefined [no-request-id] [no-user] error: MongoDB connection error: Topology is closed
undefined [no-request-id] [no-user] error: MongoDB connection error: Topology is closed
undefined [no-request-id] [no-user] error: MongoDB connection error: bad auth : authentication failed
undefined [no-request-id] [no-user] error: MongoDB connection error: bad auth : authentication failed
undefined [no-request-id] [no-user] error: MongoDB connection error: bad auth : authentication failed
undefined [no-request-id] [no-user] error: MongoDB connection error: bad auth : authentication failed
undefined [no-request-id] [no-user] error: MongoDB connection error: Topology is closed
undefined [no-request-id] [no-user] error: MongoDB connection error: Topology is closed
undefined [no-request-id] [no-user] error: MongoDB connection error: Topology is closed
undefined [no-request-id] [no-user] error: MongoDB connection error: Topology is closed
undefined [no-request-id] [no-user] error: MongoDB connection error: bad auth : authentication failed
undefined [no-request-id] [no-user] error: User already exists
undefined [no-request-id] [no-user] error: Validation failed
undefined [no-request-id] [no-user] error: Validation failed
undefined [no-request-id] [no-user] error: Validation failed
undefined [no-request-id] [no-user] error: Invalid credentials
undefined [no-request-id] [no-user] error: Invalid credentials
undefined [no-request-id] [no-user] error: MongoDB connection error: bad auth : authentication failed
undefined [no-request-id] [no-user] error: MongoDB connection error: bad auth : authentication failed
undefined [no-request-id] [no-user] error: MongoDB connection error: bad auth : authentication failed
undefined [no-request-id] [no-user] error: User already exists
undefined [no-request-id] [no-user] error: Validation failed
undefined [no-request-id] [no-user] error: Validation failed
undefined [no-request-id] [no-user] error: Validation failed
undefined [no-request-id] [no-user] error: Invalid credentials
undefined [no-request-id] [no-user] error: Invalid credentials
